<?xml version="1.0" encoding="UTF-8"?>
<!-- Generated by org.testng.reporters.JUnitReportReporter -->
<testsuite skipped="0" hostname="LMKOL-LP-0085" name="com.assignment1.testcases.FacebookLoginTest" tests="2" failures="0" timestamp="04 Oct 2019 08:19:40 GMT" time="77.700" errors="0">
  <testcase name="userloginTest" time="47.275" classname="com.assignment1.testcases.FacebookLoginTest"/>
  <testcase name="pageTitleTest" time="30.425" classname="com.assignment1.testcases.FacebookLoginTest"/>
</testsuite> <!-- com.assignment1.testcases.FacebookLoginTest -->
